     1                                  ; lab4.asm
     2                                  SECTION .data ; Начало секции данных
     3 00000000 4E61676F7669746379-     	lab4: DB 'Nagovitcyn Arseniy ',10 
     3 00000009 6E20417273656E6979-
     3 00000012 200A               
     4                                  				 
     5                                  	lab4Len: EQU $-lab4
     6                                  	
     7                                  SECTION .text ; Начало секции кода
     8                                  	GLOBAL _start
     9                                  _start: ; Точка входа в программу
    10 00000000 B804000000              	mov eax,4 ; Системный вызов для записи (sys_write)
    11 00000005 BB01000000              	mov ebx,1 ; Описатель файла '1' - стандартный вывод
    12 0000000A B9[00000000]            	mov ecx,lab4 ; Адрес строки hello в ecx
    13 0000000F BA14000000              	mov edx,lab4Len ; Размер строки hello
    14 00000014 CD80                    	int 80h ; Вызов ядра
    15                                  	
    16 00000016 B801000000              	mov eax,1 ; Системный вызов для выхода (sys_exit)
    17 0000001B BB00000000              	mov ebx,0 ; Выход с кодом возврата '0' (без ошибок)
    18 00000020 CD80                    	int 80h ; Вызов ядра
